<?xml version="1.0" encoding="UTF-8"?>
<testsuite name="com.fernando.ds.application.ExplorerServiceTest" tests="5" skipped="0" failures="0" errors="0" timestamp="2026-08-23T04:04:47" hostname="TONY-PC" time="0.016">
  <properties/>
  <testcase name="overviewIsIdenticalRegardlessOfActiveListProvider()" classname="com.fernando.ds.application.ExplorerServiceTest" time="0.011"/>
  <testcase name="rejectsDisabledProvidersAsExplorerSubjects()" classname="com.fernando.ds.application.ExplorerServiceTest" time="0.0"/>
  <testcase name="discoversEnabledSubjectsInProvidedRegistryOrder()" classname="com.fernando.ds.application.ExplorerServiceTest" time="0.0"/>
  <testcase name="combinesNeutralOverviewWithEveryEnabledSubject()" classname="com.fernando.ds.application.ExplorerServiceTest" time="0.001"/>
  <testcase name="presentsTheCompleteKnowledgeCatalogInStableOrder()" classname="com.fernando.ds.application.ExplorerServiceTest" time="0.001"/>
  <system-out><![CDATA[]]></system-out>
  <system-err><![CDATA[]]></system-err>
</testsuite>
