<?xml version="1.0" encoding="UTF-8"?>
<testsuite name="com.fernando.ds.application.RecommendationServiceTest" tests="4" skipped="0" failures="0" errors="0" timestamp="2026-08-23T04:04:47" hostname="TONY-PC" time="0.002">
  <properties/>
  <testcase name="preservesTheExistingDefaultJavaRecommendationOrder()" classname="com.fernando.ds.application.RecommendationServiceTest" time="0.001"/>
  <testcase name="preservesIndexedDuplicateAndRemovalOrderFilters()" classname="com.fernando.ds.application.RecommendationServiceTest" time="0.0"/>
  <testcase name="filtersAbstractStructuresWithoutConsultingJavaNames()" classname="com.fernando.ds.application.RecommendationServiceTest" time="0.0"/>
  <testcase name="stateAnswersCanDriveRecommendationWithoutRepresentationState()" classname="com.fernando.ds.application.RecommendationServiceTest" time="0.0"/>
  <system-out><![CDATA[]]></system-out>
  <system-err><![CDATA[]]></system-err>
</testsuite>
