<?xml version="1.0" encoding="UTF-8"?>
<testsuite name="com.fernando.ds.application.quiz.QuizQuestionSourceTest" tests="3" skipped="0" failures="0" errors="0" timestamp="2026-08-23T04:04:47" hostname="TONY-PC" time="0.013">
  <properties/>
  <testcase name="neutralQuestionsStayNeutralAndSpecificQuestionsUseProvider()" classname="com.fernando.ds.application.quiz.QuizQuestionSourceTest" time="0.008"/>
  <testcase name="javaAndCProduceFixedValidMixedQuizzes()" classname="com.fernando.ds.application.quiz.QuizQuestionSourceTest" time="0.002"/>
  <testcase name="fixedSeedIsRepeatableAndDifferentSeedsVaryOrdering()" classname="com.fernando.ds.application.quiz.QuizQuestionSourceTest" time="0.003"/>
  <system-out><![CDATA[]]></system-out>
  <system-err><![CDATA[]]></system-err>
</testsuite>
