<?xml version="1.0" encoding="UTF-8"?>
<testsuite name="com.fernando.ds.subject.SubjectProviderRegistryTest" tests="9" skipped="0" failures="0" errors="0" timestamp="2026-08-23T04:04:47" hostname="TONY-PC" time="0.007">
  <properties/>
  <testcase name="unfinishedSubjectsAreUnavailableAndHaveNoStructures()" classname="com.fernando.ds.subject.SubjectProviderRegistryTest" time="0.001"/>
  <testcase name="rejectsDuplicateAndMissingProviders()" classname="com.fernando.ds.subject.SubjectProviderRegistryTest" time="0.0"/>
  <testcase name="enabledProvidersSupplyEducationalContentForEveryConcept()" classname="com.fernando.ds.subject.SubjectProviderRegistryTest" time="0.001"/>
  <testcase name="enabledProvidersExcludeUnfinishedSubjectsInStableOrder()" classname="com.fernando.ds.subject.SubjectProviderRegistryTest" time="0.001"/>
  <testcase name="registersTheFourRoadmapSubjectsInStableOrder()" classname="com.fernando.ds.subject.SubjectProviderRegistryTest" time="0.001"/>
  <testcase name="javaProviderSuppliesTheExistingStructuresAsFreshInstances()" classname="com.fernando.ds.subject.SubjectProviderRegistryTest" time="0.001"/>
  <testcase name="cContentDescribesStrategiesInsteadOfAStandardFramework()" classname="com.fernando.ds.subject.SubjectProviderRegistryTest" time="0.001"/>
  <testcase name="javaRepresentationsRetainKnowledgeBackedCompatibilityAccessors()" classname="com.fernando.ds.subject.SubjectProviderRegistryTest" time="0.0"/>
  <testcase name="cProviderSuppliesImplementationStrategiesForEveryConcept()" classname="com.fernando.ds.subject.SubjectProviderRegistryTest" time="0.001"/>
  <system-out><![CDATA[]]></system-out>
  <system-err><![CDATA[]]></system-err>
</testsuite>
