<?xml version="1.0" encoding="UTF-8"?>
<testsuite name="com.fernando.ds.application.quiz.QuizSessionTest" tests="6" skipped="0" failures="0" errors="0" timestamp="2026-08-23T04:04:47" hostname="TONY-PC" time="0.005">
  <properties/>
  <testcase name="oneAnswerIsAcceptedAndNextIsRequiredForProgress()" classname="com.fernando.ds.application.quiz.QuizSessionTest" time="0.002"/>
  <testcase name="abandonStopsTimerAndAllowsCleanNewSession()" classname="com.fernando.ds.application.quiz.QuizSessionTest" time="0.0"/>
  <testcase name="timerStartsStopsOnFinalAnswerAndUsesNoRealSleeping()" classname="com.fernando.ds.application.quiz.QuizSessionTest" time="0.001"/>
  <testcase name="capturesSubjectAndFixedQuestionCountIndependentlyOfGlobalState()" classname="com.fernando.ds.application.quiz.QuizSessionTest" time="0.0"/>
  <testcase name="scoreChangesOnlyForCorrectAnswersAndSummaryIsTransparent()" classname="com.fernando.ds.application.quiz.QuizSessionTest" time="0.001"/>
  <testcase name="applicationStateDoesNotOwnQuizSessionOrProgress()" classname="com.fernando.ds.application.quiz.QuizSessionTest" time="0.001"/>
  <system-out><![CDATA[]]></system-out>
  <system-err><![CDATA[]]></system-err>
</testsuite>
