<?xml version="1.0" encoding="UTF-8"?>
<testsuite name="com.fernando.ds.application.LearningProgressTest" tests="2" skipped="0" failures="0" errors="0" timestamp="2026-08-23T04:04:47" hostname="TONY-PC" time="0.001">
  <properties/>
  <testcase name="recordsDistinctReviewedConceptsIdempotently()" classname="com.fernando.ds.application.LearningProgressTest" time="0.0"/>
  <testcase name="copiesProgressAndExposesAnImmutableSnapshot()" classname="com.fernando.ds.application.LearningProgressTest" time="0.0"/>
  <system-out><![CDATA[]]></system-out>
  <system-err><![CDATA[]]></system-err>
</testsuite>
