<?xml version="1.0" encoding="UTF-8"?>
<testsuite name="com.fernando.ds.application.ApplicationStateTest" tests="9" skipped="0" failures="0" errors="0" timestamp="2026-08-23T04:04:47" hostname="TONY-PC" time="0.023">
  <properties/>
  <testcase name="advisorResetPreservesLearnSessionAndProgress()" classname="com.fernando.ds.application.ApplicationStateTest" time="0.012"/>
  <testcase name="ownsRecommendationAnswersAndProtectsThemFromExternalMutation()" classname="com.fernando.ds.application.ApplicationStateTest" time="0.001"/>
  <testcase name="explorerSelectionDoesNotReplaceAdvisorNavigationOrAnswers()" classname="com.fernando.ds.application.ApplicationStateTest" time="0.0"/>
  <testcase name="resetClearsOnlyAdvisorSessionState()" classname="com.fernando.ds.application.ApplicationStateTest" time="0.006"/>
  <testcase name="rejectsInvalidUpdates()" classname="com.fernando.ds.application.ApplicationStateTest" time="0.001"/>
  <testcase name="navigationChangesDoNotResetUnrelatedState()" classname="com.fernando.ds.application.ApplicationStateTest" time="0.0"/>
  <testcase name="startsWithAdvisorDefaults()" classname="com.fernando.ds.application.ApplicationStateTest" time="0.001"/>
  <testcase name="flashCardSessionAndProgressSurviveExperienceInterruption()" classname="com.fernando.ds.application.ApplicationStateTest" time="0.0"/>
  <testcase name="keyValueSelectionMaintainsDuplicateAnswerInvariant()" classname="com.fernando.ds.application.ApplicationStateTest" time="0.0"/>
  <system-out><![CDATA[]]></system-out>
  <system-err><![CDATA[]]></system-err>
</testsuite>
