<?xml version="1.0" encoding="UTF-8"?>
<testsuite name="com.fernando.ds.knowledge.KnowledgeCatalogTest" tests="5" skipped="0" failures="0" errors="0" timestamp="2026-08-23T04:04:47" hostname="TONY-PC" time="0.002">
  <properties/>
  <testcase name="catalogAndNestedListsAreImmutable()" classname="com.fernando.ds.knowledge.KnowledgeCatalogTest" time="0.001"/>
  <testcase name="distinguishesCoreCapabilitiesWithoutJavaClassNames()" classname="com.fernando.ds.knowledge.KnowledgeCatalogTest" time="0.0"/>
  <testcase name="containsTheExistingNineAbstractStructuresInStableOrder()" classname="com.fernando.ds.knowledge.KnowledgeCatalogTest" time="0.0"/>
  <testcase name="suppliesEveryRoadmapKnowledgeConceptForEveryStructure()" classname="com.fernando.ds.knowledge.KnowledgeCatalogTest" time="0.0"/>
  <testcase name="rejectsIncompleteOrInvalidKnowledge()" classname="com.fernando.ds.knowledge.KnowledgeCatalogTest" time="0.0"/>
  <system-out><![CDATA[]]></system-out>
  <system-err><![CDATA[]]></system-err>
</testsuite>
