<?xml version="1.0" encoding="UTF-8"?>
<testsuite name="com.fernando.ds.subject.SubjectStructureContentTest" tests="3" skipped="0" failures="0" errors="0" timestamp="2026-08-23T04:04:47" hostname="TONY-PC" time="0.002">
  <properties/>
  <testcase name="validatesAndDefensivelyCopiesPlainContent()" classname="com.fernando.ds.subject.SubjectStructureContentTest" time="0.001"/>
  <testcase name="modelHasNoGuiOrResourcePathTypes()" classname="com.fernando.ds.subject.SubjectStructureContentTest" time="0.0"/>
  <testcase name="rejectsEmptyOrBlankContent()" classname="com.fernando.ds.subject.SubjectStructureContentTest" time="0.001"/>
  <system-out><![CDATA[]]></system-out>
  <system-err><![CDATA[]]></system-err>
</testsuite>
