<?xml version="1.0" encoding="UTF-8"?>
<testsuite name="com.fernando.ds.gui.SubjectContextLabelTest" tests="4" skipped="0" failures="0" errors="0" timestamp="2026-08-23T04:04:59" hostname="TONY-PC" time="0.003">
  <properties/>
  <testcase name="displaysInitialAndSuccessfulSwitchesUsingProviderNames()" classname="com.fernando.ds.gui.SubjectContextLabelTest" time="0.001"/>
  <testcase name="failedRenderingLeavesPreviousIndicatorAndStateUnchanged()" classname="com.fernando.ds.gui.SubjectContextLabelTest" time="0.001"/>
  <testcase name="contextLabelUsesTheDynamicProviderDisplayName()" classname="com.fernando.ds.gui.SubjectContextLabelTest" time="0.001"/>
  <testcase name="syntheticDisplayNameAndThemeRefreshPreserveReadableText()" classname="com.fernando.ds.gui.SubjectContextLabelTest" time="0.0"/>
  <system-out><![CDATA[]]></system-out>
  <system-err><![CDATA[]]></system-err>
</testsuite>
