<?xml version="1.0" encoding="UTF-8"?>
<testsuite name="com.fernando.ds.gui.DiagramPanelPresentationTest" tests="4" skipped="0" failures="0" errors="0" timestamp="2026-08-23T04:04:59" hostname="TONY-PC" time="0.005">
  <properties/>
  <testcase name="conceptViewsHideBrandingAndUseSeparateWideHeading()" classname="com.fernando.ds.gui.DiagramPanelPresentationTest" time="0.001"/>
  <testcase name="selectorRowAppearsOnlyForMultipleDiagrams()" classname="com.fernando.ds.gui.DiagramPanelPresentationTest" time="0.003"/>
  <testcase name="sharedPageUsesResponsiveContainedCenteredSizing()" classname="com.fernando.ds.gui.DiagramPanelPresentationTest" time="0.001"/>
  <testcase name="everyRenderAndResizeCanRecalculateFit()" classname="com.fernando.ds.gui.DiagramPanelPresentationTest" time="0.0"/>
  <system-out><![CDATA[]]></system-out>
  <system-err><![CDATA[]]></system-err>
</testsuite>
