<?xml version="1.0" encoding="UTF-8"?>
<testsuite name="com.fernando.ds.gui.TimedQuizControllerTest" tests="6" skipped="0" failures="0" errors="0" timestamp="2026-08-23T04:04:59" hostname="TONY-PC" time="0.01">
  <properties/>
  <testcase name="activeSessionIgnoresLaterGlobalSubjectChange()" classname="com.fernando.ds.gui.TimedQuizControllerTest" time="0.006"/>
  <testcase name="initialScreenStartsAndRendersFirstQuestion()" classname="com.fernando.ds.gui.TimedQuizControllerTest" time="0.0"/>
  <testcase name="renderFailuresRollbackAndLaterActionsRecover()" classname="com.fernando.ds.gui.TimedQuizControllerTest" time="0.001"/>
  <testcase name="resetChangesOnlyQuizAndPreservesFlashAdvisorAndExplorerState()" classname="com.fernando.ds.gui.TimedQuizControllerTest" time="0.0"/>
  <testcase name="timerRefreshAndThemePreserveBoundSession()" classname="com.fernando.ds.gui.TimedQuizControllerTest" time="0.0"/>
  <testcase name="answerFeedbackRequiresNextAndCompletesWithCorrectTotals()" classname="com.fernando.ds.gui.TimedQuizControllerTest" time="0.001"/>
  <system-out><![CDATA[]]></system-out>
  <system-err><![CDATA[]]></system-err>
</testsuite>
