<?xml version="1.0" encoding="UTF-8"?>
<testsuite name="com.fernando.ds.gui.ExplorerControllerTest" tests="7" skipped="0" failures="0" errors="0" timestamp="2026-08-23T04:04:59" hostname="TONY-PC" time="0.021">
  <properties/>
  <testcase name="restoresTheSharedSelectionAndItsContent()" classname="com.fernando.ds.gui.ExplorerControllerTest" time="0.006"/>
  <testcase name="subjectSwitchChangesListButNotNeutralOverview()" classname="com.fernando.ds.gui.ExplorerControllerTest" time="0.01"/>
  <testcase name="failedSubjectRenderingPreservesPreviousContext()" classname="com.fernando.ds.gui.ExplorerControllerTest" time="0.001"/>
  <testcase name="failedRenderingDoesNotCommitSelectionAndLaterActionStillWorks()" classname="com.fernando.ds.gui.ExplorerControllerTest" time="0.001"/>
  <testcase name="canRenderARequestedCProviderBeforeSubjectCommit()" classname="com.fernando.ds.gui.ExplorerControllerTest" time="0.002"/>
  <testcase name="selectionUpdatesOnlyTheSharedStructure()" classname="com.fernando.ds.gui.ExplorerControllerTest" time="0.0"/>
  <testcase name="startsAtWelcomeAndListsTheCompleteCatalogWithoutASelection()" classname="com.fernando.ds.gui.ExplorerControllerTest" time="0.001"/>
  <system-out><![CDATA[]]></system-out>
  <system-err><![CDATA[]]></system-err>
</testsuite>
