<?xml version="1.0" encoding="UTF-8"?>
<testsuite name="com.fernando.ds.diagram.DiagramCatalogTest" tests="5" skipped="0" failures="0" errors="0" timestamp="2026-08-23T04:04:58" hostname="TONY-PC" time="0.064">
  <properties/>
  <testcase name="optionalMappingsAreStableOrderedAndIntentionallyBounded()" classname="com.fernando.ds.diagram.DiagramCatalogTest" time="0.011"/>
  <testcase name="everyStructureHasExactlyOneUniquePrimaryMapping()" classname="com.fernando.ds.diagram.DiagramCatalogTest" time="0.001"/>
  <testcase name="everyConceptDiagramHasWidePresentationMetadata()" classname="com.fernando.ds.diagram.DiagramCatalogTest" time="0.025"/>
  <testcase name="everyMappedDiagramLoadsInEveryThemeAndRemainsNeutral()" classname="com.fernando.ds.diagram.DiagramCatalogTest" time="0.024"/>
  <testcase name="descriptorRequiresSafePlainLabelsAndNeutralResourceNames()" classname="com.fernando.ds.diagram.DiagramCatalogTest" time="0.001"/>
  <system-out><![CDATA[]]></system-out>
  <system-err><![CDATA[]]></system-err>
</testsuite>
