<?xml version="1.0" encoding="UTF-8"?>
<testsuite name="com.fernando.ds.gui.ExplorerDetailsPanelTest" tests="7" skipped="0" failures="0" errors="0" timestamp="2026-08-23T04:04:59" hostname="TONY-PC" time="0.099">
  <properties/>
  <testcase name="rendersEveryAvailableLanguageNeutralOverviewSection()" classname="com.fernando.ds.gui.ExplorerDetailsPanelTest" time="0.014"/>
  <testcase name="rendersUsefulJavaAndCProviderGuidanceAndCode()" classname="com.fernando.ds.gui.ExplorerDetailsPanelTest" time="0.022"/>
  <testcase name="syntheticEnabledSubjectAddsATabAndDisappearanceFallsBack()" classname="com.fernando.ds.gui.ExplorerDetailsPanelTest" time="0.019"/>
  <testcase name="safelyEscapesProviderTextAndCode()" classname="com.fernando.ds.gui.ExplorerDetailsPanelTest" time="0.001"/>
  <testcase name="sharedDiagramLivesOutsideAllDetailTabs()" classname="com.fernando.ds.gui.ExplorerDetailsPanelTest" time="0.002"/>
  <testcase name="rendersExactDynamicTabOrderAndPreservesSelection()" classname="com.fernando.ds.gui.ExplorerDetailsPanelTest" time="0.029"/>
  <testcase name="welcomeRendersAllCurrentTabs()" classname="com.fernando.ds.gui.ExplorerDetailsPanelTest" time="0.011"/>
  <system-out><![CDATA[]]></system-out>
  <system-err><![CDATA[]]></system-err>
</testsuite>
