<?xml version="1.0" encoding="UTF-8"?>
<testsuite name="com.fernando.ds.util.DiagramTemplateLoaderTest" tests="3" skipped="0" failures="0" errors="0" timestamp="2026-08-23T04:04:59" hostname="TONY-PC" time="0.004">
  <properties/>
  <testcase name="missingPrimaryDiagramFailsWithoutBlankContent()" classname="com.fernando.ds.util.DiagramTemplateLoaderTest" time="0.0"/>
  <testcase name="missingOptionalDiagramFallsBackToPrimary()" classname="com.fernando.ds.util.DiagramTemplateLoaderTest" time="0.001"/>
  <testcase name="resolvesEveryAbstractStructureToItsPrimaryDiagram()" classname="com.fernando.ds.util.DiagramTemplateLoaderTest" time="0.003"/>
  <system-out><![CDATA[]]></system-out>
  <system-err><![CDATA[]]></system-err>
</testsuite>
