<?xml version="1.0" encoding="UTF-8"?>
<testsuite name="com.fernando.ds.gui.ActiveLanguageBadgeTest" tests="5" skipped="0" failures="0" errors="0" timestamp="2026-08-23T04:04:58" hostname="TONY-PC" time="0.081">
  <properties/>
  <testcase name="rendersJavaAndCIconsDistinctly()" classname="com.fernando.ds.gui.ActiveLanguageBadgeTest" time="0.073"/>
  <testcase name="showsReadableLanguageNameAndAccessibleContext()" classname="com.fernando.ds.gui.ActiveLanguageBadgeTest" time="0.001"/>
  <testcase name="failedSubjectSwitchPreservesPreviousBadgeState()" classname="com.fernando.ds.gui.ActiveLanguageBadgeTest" time="0.003"/>
  <testcase name="isNotTreatedAsMenuAndThemeRefreshPreservesBadgeContents()" classname="com.fernando.ds.gui.ActiveLanguageBadgeTest" time="0.002"/>
  <testcase name="usesGenericFallbackForProvidersWithoutDedicatedIcons()" classname="com.fernando.ds.gui.ActiveLanguageBadgeTest" time="0.002"/>
  <system-out><![CDATA[]]></system-out>
  <system-err><![CDATA[]]></system-err>
</testsuite>
