<?xml version="1.0" encoding="UTF-8"?>
<testsuite name="com.fernando.ds.gui.FlashCardControllerTest" tests="6" skipped="0" failures="0" errors="0" timestamp="2026-08-23T04:04:59" hostname="TONY-PC" time="0.004">
  <properties/>
  <testcase name="revealsProgressAndResumesWithoutChangingSharedSelection()" classname="com.fernando.ds.gui.FlashCardControllerTest" time="0.002"/>
  <testcase name="startsWithAHiddenConceptFirstCardAndSupplementaryJavaName()" classname="com.fernando.ds.gui.FlashCardControllerTest" time="0.0"/>
  <testcase name="subjectRefreshPreservesCardRevealAndProgress()" classname="com.fernando.ds.gui.FlashCardControllerTest" time="0.0"/>
  <testcase name="canRenderRequestedCContextWithoutCommittingTheSubject()" classname="com.fernando.ds.gui.FlashCardControllerTest" time="0.0"/>
  <testcase name="failedSubjectRefreshPreservesPreviousContext()" classname="com.fernando.ds.gui.FlashCardControllerTest" time="0.0"/>
  <testcase name="renderFailureDoesNotCommitNavigationOrProgressAndLaterUseWorks()" classname="com.fernando.ds.gui.FlashCardControllerTest" time="0.001"/>
  <system-out><![CDATA[]]></system-out>
  <system-err><![CDATA[]]></system-err>
</testsuite>
