<?xml version="1.0" encoding="UTF-8"?>
<testsuite name="com.fernando.ds.gui.TimedQuizPanelTest" tests="2" skipped="0" failures="0" errors="0" timestamp="2026-08-23T04:04:59" hostname="TONY-PC" time="0.302">
  <properties/>
  <testcase name="supportsCompleteMouseAndKeyboardAccessibleControlFlow()" classname="com.fernando.ds.gui.TimedQuizPanelTest" time="0.298"/>
  <testcase name="formatsElapsedTimeAndCompletedSummaryReadably()" classname="com.fernando.ds.gui.TimedQuizPanelTest" time="0.004"/>
  <system-out><![CDATA[]]></system-out>
  <system-err><![CDATA[]]></system-err>
</testsuite>
