<?xml version="1.0" encoding="UTF-8"?>
<testsuite name="com.fernando.ds.gui.ApplicationStateUiTest" tests="4" skipped="0" failures="0" errors="0" timestamp="2026-08-23T04:04:58" hostname="TONY-PC" time="0.275">
  <properties/>
  <testcase name="listRefreshRestoresSelectionWithoutEmittingAUserSelection()" classname="com.fernando.ds.gui.ApplicationStateUiTest" time="0.256"/>
  <testcase name="silentSliderUpdateRendersWithoutEmittingAUserChange()" classname="com.fernando.ds.gui.ApplicationStateUiTest" time="0.003"/>
  <testcase name="explorerListSpacingAddsCompactSymmetricCellPadding()" classname="com.fernando.ds.gui.ApplicationStateUiTest" time="0.002"/>
  <testcase name="questionPanelRendersAnswersWithoutEmittingUserChanges()" classname="com.fernando.ds.gui.ApplicationStateUiTest" time="0.014"/>
  <system-out><![CDATA[]]></system-out>
  <system-err><![CDATA[]]></system-err>
</testsuite>
