<?xml version="1.0" encoding="UTF-8"?>
<testsuite name="com.fernando.ds.gui.WorkspaceHeaderBarTest" tests="2" skipped="0" failures="0" errors="0" timestamp="2026-08-23T04:04:59" hostname="TONY-PC" time="0.006">
  <properties/>
  <testcase name="anchorsBadgeAtFarRightEdge()" classname="com.fernando.ds.gui.WorkspaceHeaderBarTest" time="0.005"/>
  <testcase name="keepsMenuOrderAndUsesTallerHeaderHeight()" classname="com.fernando.ds.gui.WorkspaceHeaderBarTest" time="0.001"/>
  <system-out><![CDATA[]]></system-out>
  <system-err><![CDATA[]]></system-err>
</testsuite>
