<?xml version="1.0" encoding="UTF-8"?>
<testsuite name="com.fernando.ds.gui.UiActionGuardTest" tests="6" skipped="0" failures="0" errors="0" timestamp="2026-08-23T04:04:59" hostname="TONY-PC" time="0.005">
  <properties/>
  <testcase name="containsNotificationFailureAndLogsIt()" classname="com.fernando.ds.gui.UiActionGuardTest" time="0.002"/>
  <testcase name="advisorRemainsUsableAfterAnExplorerFailure()" classname="com.fernando.ds.gui.UiActionGuardTest" time="0.001"/>
  <testcase name="runsSuccessfulActionWithoutDisplayingAnError()" classname="com.fernando.ds.gui.UiActionGuardTest" time="0.0"/>
  <testcase name="reportsUnavailableFeatureWithExactStandardMessage()" classname="com.fernando.ds.gui.UiActionGuardTest" time="0.0"/>
  <testcase name="advisorRemainsUsableAfterAFlashCardsFailure()" classname="com.fernando.ds.gui.UiActionGuardTest" time="0.0"/>
  <testcase name="containsRuntimeExceptionLogsItAndDisplaysOnlyGenericError()" classname="com.fernando.ds.gui.UiActionGuardTest" time="0.001"/>
  <system-out><![CDATA[]]></system-out>
  <system-err><![CDATA[]]></system-err>
</testsuite>
